{"/home/zfranco/Escritorio/code/testing/vitest-vue/src/App.vue": {"path":"/home/zfranco/Escritorio/code/testing/vitest-vue/src/App.vue","all":true,"statementMap":{"2":{"start":{"line":3,"column":0},"end":{"line":3,"column":19}}},"s":{"2":0},"branchMap":{"0":{"type":"branch","line":1,"loc":{"start":{"line":1,"column":185},"end":{"line":13,"column":8}},"locations":[{"start":{"line":1,"column":185},"end":{"line":13,"column":8}}]}},"b":{"0":[1]},"fnMap":{"0":{"name":"(empty-report)","decl":{"start":{"line":1,"column":185},"end":{"line":13,"column":8}},"loc":{"start":{"line":1,"column":185},"end":{"line":13,"column":8}},"line":1}},"f":{"0":1}}
,"/home/zfranco/Escritorio/code/testing/vitest-vue/src/main.ts": {"path":"/home/zfranco/Escritorio/code/testing/vitest-vue/src/main.ts","all":true,"statementMap":{"1":{"start":{"line":2,"column":0},"end":{"line":2,"column":31}},"2":{"start":{"line":3,"column":0},"end":{"line":3,"column":65}},"3":{"start":{"line":4,"column":0},"end":{"line":4,"column":27}},"4":{"start":{"line":5,"column":0},"end":{"line":5,"column":33}},"5":{"start":{"line":6,"column":0},"end":{"line":6,"column":35}},"8":{"start":{"line":9,"column":0},"end":{"line":9,"column":37}},"9":{"start":{"line":10,"column":0},"end":{"line":10,"column":19}},"10":{"start":{"line":11,"column":0},"end":{"line":11,"column":14}},"11":{"start":{"line":12,"column":0},"end":{"line":12,"column":58}},"12":{"start":{"line":13,"column":0},"end":{"line":13,"column":83}},"13":{"start":{"line":14,"column":0},"end":{"line":14,"column":6}},"14":{"start":{"line":15,"column":0},"end":{"line":15,"column":4}},"15":{"start":{"line":16,"column":0},"end":{"line":16,"column":2}},"17":{"start":{"line":18,"column":0},"end":{"line":18,"column":27}},"18":{"start":{"line":19,"column":0},"end":{"line":19,"column":26}},"20":{"start":{"line":21,"column":0},"end":{"line":21,"column":3}},"21":{"start":{"line":22,"column":0},"end":{"line":22,"column":39}},"22":{"start":{"line":23,"column":0},"end":{"line":23,"column":14}},"23":{"start":{"line":24,"column":0},"end":{"line":24,"column":13}},"25":{"start":{"line":26,"column":0},"end":{"line":26,"column":17}}},"s":{"1":0,"2":0,"3":0,"4":0,"5":0,"8":0,"9":0,"10":0,"11":0,"12":0,"13":0,"14":0,"15":0,"17":0,"18":0,"20":0,"21":0,"22":0,"23":0,"25":0},"branchMap":{"0":{"type":"branch","line":1,"loc":{"start":{"line":1,"column":11},"end":{"line":26,"column":-306}},"locations":[{"start":{"line":1,"column":11},"end":{"line":26,"column":-306}}]}},"b":{"0":[1]},"fnMap":{"0":{"name":"(empty-report)","decl":{"start":{"line":1,"column":11},"end":{"line":26,"column":-306}},"loc":{"start":{"line":1,"column":11},"end":{"line":26,"column":-306}},"line":1}},"f":{"0":1}}
,"/home/zfranco/Escritorio/code/testing/vitest-vue/src/router.ts": {"path":"/home/zfranco/Escritorio/code/testing/vitest-vue/src/router.ts","all":false,"statementMap":{"0":{"start":{"line":1,"column":0},"end":{"line":1,"column":59}},"2":{"start":{"line":3,"column":0},"end":{"line":3,"column":35}},"3":{"start":{"line":4,"column":0},"end":{"line":4,"column":37}},"4":{"start":{"line":5,"column":0},"end":{"line":5,"column":47}},"5":{"start":{"line":6,"column":0},"end":{"line":6,"column":41}},"9":{"start":{"line":10,"column":0},"end":{"line":10,"column":23}},"10":{"start":{"line":11,"column":0},"end":{"line":11,"column":33}},"11":{"start":{"line":12,"column":0},"end":{"line":12,"column":40}},"12":{"start":{"line":13,"column":0},"end":{"line":13,"column":49}},"13":{"start":{"line":14,"column":0},"end":{"line":14,"column":43}},"14":{"start":{"line":15,"column":0},"end":{"line":15,"column":1}},"16":{"start":{"line":17,"column":0},"end":{"line":17,"column":36}},"17":{"start":{"line":18,"column":0},"end":{"line":18,"column":30}},"18":{"start":{"line":19,"column":0},"end":{"line":19,"column":9}},"19":{"start":{"line":20,"column":0},"end":{"line":20,"column":2}}},"s":{"0":1,"2":1,"3":1,"4":1,"5":1,"9":1,"10":1,"11":1,"12":1,"13":1,"14":1,"16":1,"17":1,"18":1,"19":1},"branchMap":{},"b":{},"fnMap":{},"f":{}}
,"/home/zfranco/Escritorio/code/testing/vitest-vue/src/components/HelloWorld.vue": {"path":"/home/zfranco/Escritorio/code/testing/vitest-vue/src/components/HelloWorld.vue","all":false,"statementMap":{"0":{"start":{"line":1,"column":0},"end":{"line":1,"column":24}},"1":{"start":{"line":2,"column":0},"end":{"line":2,"column":25}},"5":{"start":{"line":6,"column":0},"end":{"line":6,"column":20}},"9":{"start":{"line":10,"column":0},"end":{"line":10,"column":20}},"11":{"start":{"line":12,"column":0},"end":{"line":12,"column":20}},"12":{"start":{"line":13,"column":0},"end":{"line":13,"column":72}},"13":{"start":{"line":14,"column":0},"end":{"line":14,"column":7}},"15":{"start":{"line":16,"column":0},"end":{"line":16,"column":56}},"16":{"start":{"line":17,"column":0},"end":{"line":17,"column":8}},"17":{"start":{"line":18,"column":0},"end":{"line":18,"column":8}},"19":{"start":{"line":20,"column":0},"end":{"line":20,"column":5}},"21":{"start":{"line":22,"column":0},"end":{"line":22,"column":76}},"22":{"start":{"line":23,"column":0},"end":{"line":23,"column":20}},"23":{"start":{"line":24,"column":0},"end":{"line":24,"column":38}},"24":{"start":{"line":25,"column":0},"end":{"line":25,"column":6}},"25":{"start":{"line":26,"column":0},"end":{"line":26,"column":5}},"27":{"start":{"line":28,"column":0},"end":{"line":28,"column":6}},"28":{"start":{"line":29,"column":0},"end":{"line":29,"column":72}},"29":{"start":{"line":30,"column":0},"end":{"line":30,"column":21}},"30":{"start":{"line":31,"column":0},"end":{"line":31,"column":35}},"31":{"start":{"line":32,"column":0},"end":{"line":32,"column":6}},"32":{"start":{"line":33,"column":0},"end":{"line":33,"column":6}},"33":{"start":{"line":34,"column":0},"end":{"line":34,"column":76}}},"s":{"0":1,"1":1,"5":1,"9":1,"11":1,"12":1,"13":1,"15":1,"16":1,"17":1,"19":1,"21":1,"22":1,"23":1,"24":1,"25":1,"27":1,"28":1,"29":1,"30":1,"31":1,"32":1,"33":1},"branchMap":{},"b":{},"fnMap":{"0":{"name":"onClick._cache.<computed>._cache.<computed>","decl":{"start":{"line":13,"column":32},"end":{"line":13,"column":43}},"loc":{"start":{"line":13,"column":32},"end":{"line":13,"column":43}},"line":13}},"f":{"0":0}}
,"/home/zfranco/Escritorio/code/testing/vitest-vue/src/composables/useCounter.ts": {"path":"/home/zfranco/Escritorio/code/testing/vitest-vue/src/composables/useCounter.ts","all":false,"statementMap":{"1":{"start":{"line":2,"column":0},"end":{"line":2,"column":25}},"3":{"start":{"line":4,"column":0},"end":{"line":4,"column":30}},"4":{"start":{"line":5,"column":0},"end":{"line":5,"column":22}},"5":{"start":{"line":6,"column":0},"end":{"line":6,"column":39}},"7":{"start":{"line":8,"column":0},"end":{"line":8,"column":10}},"8":{"start":{"line":9,"column":0},"end":{"line":9,"column":10}},"9":{"start":{"line":10,"column":0},"end":{"line":10,"column":13}},"10":{"start":{"line":11,"column":0},"end":{"line":11,"column":3}},"11":{"start":{"line":12,"column":0},"end":{"line":12,"column":1}}},"s":{"1":1,"3":1,"4":1,"5":1,"7":1,"8":1,"9":1,"10":1,"11":1},"branchMap":{"0":{"type":"branch","line":4,"loc":{"start":{"line":4,"column":7},"end":{"line":12,"column":1}},"locations":[{"start":{"line":4,"column":7},"end":{"line":12,"column":1}}]},"1":{"type":"branch","line":6,"loc":{"start":{"line":6,"column":20},"end":{"line":6,"column":39}},"locations":[{"start":{"line":6,"column":20},"end":{"line":6,"column":39}}]}},"b":{"0":[1],"1":[1]},"fnMap":{"0":{"name":"useCounter","decl":{"start":{"line":4,"column":7},"end":{"line":12,"column":1}},"loc":{"start":{"line":4,"column":7},"end":{"line":12,"column":1}},"line":4},"1":{"name":"increment","decl":{"start":{"line":6,"column":20},"end":{"line":6,"column":39}},"loc":{"start":{"line":6,"column":20},"end":{"line":6,"column":39}},"line":6}},"f":{"0":1,"1":1}}
,"/home/zfranco/Escritorio/code/testing/vitest-vue/src/composables/useGetQueryUsers.ts": {"path":"/home/zfranco/Escritorio/code/testing/vitest-vue/src/composables/useGetQueryUsers.ts","all":false,"statementMap":{"0":{"start":{"line":1,"column":0},"end":{"line":1,"column":46}},"8":{"start":{"line":9,"column":0},"end":{"line":9,"column":46}},"9":{"start":{"line":10,"column":0},"end":{"line":10,"column":76}},"11":{"start":{"line":12,"column":0},"end":{"line":12,"column":21}},"12":{"start":{"line":13,"column":0},"end":{"line":13,"column":44}},"13":{"start":{"line":14,"column":0},"end":{"line":14,"column":3}},"15":{"start":{"line":16,"column":0},"end":{"line":16,"column":36}},"16":{"start":{"line":17,"column":0},"end":{"line":17,"column":13}},"17":{"start":{"line":18,"column":0},"end":{"line":18,"column":1}},"19":{"start":{"line":20,"column":0},"end":{"line":20,"column":36}},"20":{"start":{"line":21,"column":0},"end":{"line":21,"column":48}},"21":{"start":{"line":22,"column":0},"end":{"line":22,"column":24}},"22":{"start":{"line":23,"column":0},"end":{"line":23,"column":24}},"23":{"start":{"line":24,"column":0},"end":{"line":24,"column":4}},"26":{"start":{"line":27,"column":0},"end":{"line":27,"column":28}},"27":{"start":{"line":28,"column":0},"end":{"line":28,"column":1}}},"s":{"0":1,"8":1,"9":1,"11":1,"12":0,"13":0,"15":1,"16":1,"17":1,"19":1,"20":1,"21":1,"22":1,"23":1,"26":1,"27":1},"branchMap":{"0":{"type":"branch","line":9,"loc":{"start":{"line":9,"column":0},"end":{"line":18,"column":1}},"locations":[{"start":{"line":9,"column":0},"end":{"line":18,"column":1}}]},"1":{"type":"branch","line":12,"loc":{"start":{"line":12,"column":20},"end":{"line":14,"column":3}},"locations":[{"start":{"line":12,"column":20},"end":{"line":14,"column":3}}]},"2":{"type":"branch","line":20,"loc":{"start":{"line":20,"column":7},"end":{"line":28,"column":1}},"locations":[{"start":{"line":20,"column":7},"end":{"line":28,"column":1}}]}},"b":{"0":[1],"1":[0],"2":[1]},"fnMap":{"0":{"name":"fetchUsers","decl":{"start":{"line":9,"column":0},"end":{"line":18,"column":1}},"loc":{"start":{"line":9,"column":0},"end":{"line":18,"column":1}},"line":9},"1":{"name":"useGetQueryUsers","decl":{"start":{"line":20,"column":7},"end":{"line":28,"column":1}},"loc":{"start":{"line":20,"column":7},"end":{"line":28,"column":1}},"line":20}},"f":{"0":1,"1":1}}
,"/home/zfranco/Escritorio/code/testing/vitest-vue/src/composables/useGetUsers.ts": {"path":"/home/zfranco/Escritorio/code/testing/vitest-vue/src/composables/useGetUsers.ts","all":false,"statementMap":{"0":{"start":{"line":1,"column":0},"end":{"line":1,"column":25}},"1":{"start":{"line":2,"column":0},"end":{"line":2,"column":48}},"28":{"start":{"line":29,"column":0},"end":{"line":29,"column":34}},"29":{"start":{"line":30,"column":0},"end":{"line":30,"column":41}},"30":{"start":{"line":31,"column":0},"end":{"line":31,"column":34}},"32":{"start":{"line":33,"column":0},"end":{"line":33,"column":36}},"33":{"start":{"line":34,"column":0},"end":{"line":34,"column":34}},"34":{"start":{"line":35,"column":0},"end":{"line":35,"column":47}},"35":{"start":{"line":36,"column":0},"end":{"line":36,"column":30}},"36":{"start":{"line":37,"column":0},"end":{"line":37,"column":35}},"37":{"start":{"line":38,"column":0},"end":{"line":38,"column":5}},"38":{"start":{"line":39,"column":0},"end":{"line":39,"column":10}},"39":{"start":{"line":40,"column":0},"end":{"line":40,"column":10}},"40":{"start":{"line":41,"column":0},"end":{"line":41,"column":15}},"41":{"start":{"line":42,"column":0},"end":{"line":42,"column":3}},"42":{"start":{"line":43,"column":0},"end":{"line":43,"column":1}}},"s":{"0":1,"1":1,"28":1,"29":1,"30":1,"32":1,"33":1,"34":1,"35":1,"36":1,"37":1,"38":1,"39":1,"40":1,"41":1,"42":1},"branchMap":{"0":{"type":"branch","line":29,"loc":{"start":{"line":29,"column":27},"end":{"line":43,"column":1}},"locations":[{"start":{"line":29,"column":27},"end":{"line":43,"column":1}}]},"1":{"type":"branch","line":33,"loc":{"start":{"line":33,"column":23},"end":{"line":38,"column":5}},"locations":[{"start":{"line":33,"column":23},"end":{"line":38,"column":5}}]},"2":{"type":"branch","line":35,"loc":{"start":{"line":35,"column":40},"end":{"line":35,"column":47}},"locations":[{"start":{"line":35,"column":40},"end":{"line":35,"column":47}}]}},"b":{"0":[1],"1":[1],"2":[0]},"fnMap":{"0":{"name":"useGetUsers","decl":{"start":{"line":29,"column":27},"end":{"line":43,"column":1}},"loc":{"start":{"line":29,"column":27},"end":{"line":43,"column":1}},"line":29},"1":{"name":"fetchUsers","decl":{"start":{"line":33,"column":23},"end":{"line":38,"column":5}},"loc":{"start":{"line":33,"column":23},"end":{"line":38,"column":5}},"line":33}},"f":{"0":1,"1":1}}
,"/home/zfranco/Escritorio/code/testing/vitest-vue/src/composables/userGetUserById.ts": {"path":"/home/zfranco/Escritorio/code/testing/vitest-vue/src/composables/userGetUserById.ts","all":false,"statementMap":{"0":{"start":{"line":1,"column":0},"end":{"line":1,"column":46}},"1":{"start":{"line":2,"column":0},"end":{"line":2,"column":35}},"9":{"start":{"line":10,"column":0},"end":{"line":10,"column":53}},"10":{"start":{"line":11,"column":0},"end":{"line":11,"column":82}},"12":{"start":{"line":13,"column":0},"end":{"line":13,"column":21}},"13":{"start":{"line":14,"column":0},"end":{"line":14,"column":43}},"14":{"start":{"line":15,"column":0},"end":{"line":15,"column":3}},"16":{"start":{"line":17,"column":0},"end":{"line":17,"column":36}},"17":{"start":{"line":18,"column":0},"end":{"line":18,"column":13}},"18":{"start":{"line":19,"column":0},"end":{"line":19,"column":1}},"20":{"start":{"line":21,"column":0},"end":{"line":21,"column":39}},"21":{"start":{"line":22,"column":0},"end":{"line":22,"column":49}},"23":{"start":{"line":24,"column":0},"end":{"line":24,"column":38}},"24":{"start":{"line":25,"column":0},"end":{"line":25,"column":24}},"25":{"start":{"line":26,"column":0},"end":{"line":26,"column":8}},"27":{"start":{"line":28,"column":0},"end":{"line":28,"column":51}},"29":{"start":{"line":30,"column":0},"end":{"line":30,"column":61}},"30":{"start":{"line":31,"column":0},"end":{"line":31,"column":27}},"31":{"start":{"line":32,"column":0},"end":{"line":32,"column":40}},"32":{"start":{"line":33,"column":0},"end":{"line":33,"column":25}},"33":{"start":{"line":34,"column":0},"end":{"line":34,"column":4}},"35":{"start":{"line":36,"column":0},"end":{"line":36,"column":44}},"36":{"start":{"line":37,"column":0},"end":{"line":37,"column":1}}},"s":{"0":1,"1":1,"9":1,"10":1,"12":1,"13":0,"14":0,"16":1,"17":1,"18":1,"20":1,"21":1,"23":1,"24":1,"25":1,"27":1,"29":1,"30":1,"31":1,"32":1,"33":1,"35":1,"36":1},"branchMap":{"0":{"type":"branch","line":10,"loc":{"start":{"line":10,"column":0},"end":{"line":19,"column":1}},"locations":[{"start":{"line":10,"column":0},"end":{"line":19,"column":1}}]},"1":{"type":"branch","line":13,"loc":{"start":{"line":13,"column":20},"end":{"line":15,"column":3}},"locations":[{"start":{"line":13,"column":20},"end":{"line":15,"column":3}}]},"2":{"type":"branch","line":21,"loc":{"start":{"line":21,"column":7},"end":{"line":37,"column":1}},"locations":[{"start":{"line":21,"column":7},"end":{"line":37,"column":1}}]},"3":{"type":"branch","line":24,"loc":{"start":{"line":24,"column":18},"end":{"line":26,"column":8}},"locations":[{"start":{"line":24,"column":18},"end":{"line":26,"column":8}}]},"4":{"type":"branch","line":28,"loc":{"start":{"line":28,"column":34},"end":{"line":28,"column":50}},"locations":[{"start":{"line":28,"column":34},"end":{"line":28,"column":50}}]},"5":{"type":"branch","line":32,"loc":{"start":{"line":32,"column":13},"end":{"line":32,"column":40}},"locations":[{"start":{"line":32,"column":13},"end":{"line":32,"column":40}}]}},"b":{"0":[1],"1":[0],"2":[1],"3":[1],"4":[2],"5":[1]},"fnMap":{"0":{"name":"fetchUser","decl":{"start":{"line":10,"column":0},"end":{"line":19,"column":1}},"loc":{"start":{"line":10,"column":0},"end":{"line":19,"column":1}},"line":10},"1":{"name":"useGetQueryUserById","decl":{"start":{"line":21,"column":7},"end":{"line":37,"column":1}},"loc":{"start":{"line":21,"column":7},"end":{"line":37,"column":1}},"line":21},"2":{"name":"setId","decl":{"start":{"line":24,"column":18},"end":{"line":26,"column":8}},"loc":{"start":{"line":24,"column":18},"end":{"line":26,"column":8}},"line":24},"3":{"name":"queryFn","decl":{"start":{"line":32,"column":13},"end":{"line":32,"column":40}},"loc":{"start":{"line":32,"column":13},"end":{"line":32,"column":40}},"line":32}},"f":{"0":1,"1":1,"2":1,"3":1}}
,"/home/zfranco/Escritorio/code/testing/vitest-vue/src/services/get-users.ts": {"path":"/home/zfranco/Escritorio/code/testing/vitest-vue/src/services/get-users.ts","all":false,"statementMap":{"1":{"start":{"line":2,"column":0},"end":{"line":2,"column":37}},"2":{"start":{"line":3,"column":0},"end":{"line":3,"column":78}},"3":{"start":{"line":4,"column":0},"end":{"line":4,"column":38}},"4":{"start":{"line":5,"column":0},"end":{"line":5,"column":15}},"5":{"start":{"line":6,"column":0},"end":{"line":6,"column":1}}},"s":{"1":1,"2":1,"3":1,"4":1,"5":1},"branchMap":{"0":{"type":"branch","line":2,"loc":{"start":{"line":2,"column":24},"end":{"line":6,"column":1}},"locations":[{"start":{"line":2,"column":24},"end":{"line":6,"column":1}}]}},"b":{"0":[1]},"fnMap":{"0":{"name":"getUsers","decl":{"start":{"line":2,"column":24},"end":{"line":6,"column":1}},"loc":{"start":{"line":2,"column":24},"end":{"line":6,"column":1}},"line":2}},"f":{"0":1}}
,"/home/zfranco/Escritorio/code/testing/vitest-vue/src/stores/counter-store.ts": {"path":"/home/zfranco/Escritorio/code/testing/vitest-vue/src/stores/counter-store.ts","all":false,"statementMap":{"0":{"start":{"line":1,"column":0},"end":{"line":1,"column":35}},"1":{"start":{"line":2,"column":0},"end":{"line":2,"column":26}},"3":{"start":{"line":4,"column":0},"end":{"line":4,"column":61}},"4":{"start":{"line":5,"column":0},"end":{"line":5,"column":32}},"6":{"start":{"line":7,"column":0},"end":{"line":7,"column":46}},"7":{"start":{"line":8,"column":0},"end":{"line":8,"column":39}},"8":{"start":{"line":9,"column":0},"end":{"line":9,"column":5}},"12":{"start":{"line":13,"column":0},"end":{"line":13,"column":31}},"13":{"start":{"line":14,"column":0},"end":{"line":14,"column":2}}},"s":{"0":1,"1":1,"3":1,"4":2,"6":2,"7":3,"8":3,"12":2,"13":2},"branchMap":{"0":{"type":"branch","line":4,"loc":{"start":{"line":4,"column":54},"end":{"line":14,"column":2}},"locations":[{"start":{"line":4,"column":54},"end":{"line":14,"column":2}}]},"1":{"type":"branch","line":7,"loc":{"start":{"line":7,"column":22},"end":{"line":9,"column":5}},"locations":[{"start":{"line":7,"column":22},"end":{"line":9,"column":5}}]}},"b":{"0":[2],"1":[3]},"fnMap":{"0":{"name":"increment","decl":{"start":{"line":7,"column":22},"end":{"line":9,"column":5}},"loc":{"start":{"line":7,"column":22},"end":{"line":9,"column":5}},"line":7}},"f":{"0":3}}
,"/home/zfranco/Escritorio/code/testing/vitest-vue/src/views/Counter.vue": {"path":"/home/zfranco/Escritorio/code/testing/vitest-vue/src/views/Counter.vue","all":false,"statementMap":{"0":{"start":{"line":1,"column":0},"end":{"line":1,"column":0}},"2":{"start":{"line":3,"column":0},"end":{"line":3,"column":36}},"3":{"start":{"line":4,"column":0},"end":{"line":4,"column":58}},"5":{"start":{"line":6,"column":0},"end":{"line":6,"column":38}},"6":{"start":{"line":7,"column":0},"end":{"line":7,"column":33}},"7":{"start":{"line":8,"column":0},"end":{"line":8,"column":43}},"11":{"start":{"line":12,"column":0},"end":{"line":12,"column":20}},"12":{"start":{"line":13,"column":0},"end":{"line":13,"column":9}},"13":{"start":{"line":14,"column":0},"end":{"line":14,"column":26}},"14":{"start":{"line":15,"column":0},"end":{"line":15,"column":10}},"15":{"start":{"line":16,"column":0},"end":{"line":16,"column":85}}},"s":{"0":1,"2":1,"3":1,"5":1,"6":1,"7":1,"11":1,"12":1,"13":1,"14":1,"15":1},"branchMap":{},"b":{},"fnMap":{},"f":{}}
,"/home/zfranco/Escritorio/code/testing/vitest-vue/src/views/Home.vue": {"path":"/home/zfranco/Escritorio/code/testing/vitest-vue/src/views/Home.vue","all":false,"statementMap":{"2":{"start":{"line":3,"column":0},"end":{"line":3,"column":9}},"3":{"start":{"line":4,"column":0},"end":{"line":4,"column":26}}},"s":{"2":1,"3":1},"branchMap":{},"b":{},"fnMap":{},"f":{}}
,"/home/zfranco/Escritorio/code/testing/vitest-vue/src/views/UserDetail.vue": {"path":"/home/zfranco/Escritorio/code/testing/vitest-vue/src/views/UserDetail.vue","all":false,"statementMap":{"0":{"start":{"line":1,"column":0},"end":{"line":1,"column":24}},"1":{"start":{"line":2,"column":0},"end":{"line":2,"column":29}},"2":{"start":{"line":3,"column":0},"end":{"line":3,"column":69}},"3":{"start":{"line":4,"column":0},"end":{"line":4,"column":38}},"5":{"start":{"line":6,"column":0},"end":{"line":6,"column":24}},"6":{"start":{"line":7,"column":0},"end":{"line":7,"column":66}},"14":{"start":{"line":15,"column":0},"end":{"line":15,"column":6}},"15":{"start":{"line":16,"column":0},"end":{"line":16,"column":24}},"16":{"start":{"line":17,"column":0},"end":{"line":17,"column":11}},"17":{"start":{"line":18,"column":0},"end":{"line":18,"column":13}},"18":{"start":{"line":19,"column":0},"end":{"line":19,"column":25}},"19":{"start":{"line":20,"column":0},"end":{"line":20,"column":5}},"20":{"start":{"line":21,"column":0},"end":{"line":21,"column":4}},"21":{"start":{"line":22,"column":0},"end":{"line":22,"column":21}},"22":{"start":{"line":23,"column":0},"end":{"line":23,"column":1}},"26":{"start":{"line":27,"column":0},"end":{"line":27,"column":24}},"28":{"start":{"line":29,"column":0},"end":{"line":29,"column":9}},"29":{"start":{"line":30,"column":0},"end":{"line":30,"column":39}},"30":{"start":{"line":31,"column":0},"end":{"line":31,"column":10}},"32":{"start":{"line":33,"column":0},"end":{"line":33,"column":24}},"34":{"start":{"line":35,"column":0},"end":{"line":35,"column":10}},"36":{"start":{"line":37,"column":0},"end":{"line":37,"column":26}},"38":{"start":{"line":39,"column":0},"end":{"line":39,"column":10}},"40":{"start":{"line":41,"column":0},"end":{"line":41,"column":21}},"41":{"start":{"line":42,"column":0},"end":{"line":42,"column":13}},"42":{"start":{"line":43,"column":0},"end":{"line":43,"column":32}},"43":{"start":{"line":44,"column":0},"end":{"line":44,"column":14}},"44":{"start":{"line":45,"column":0},"end":{"line":45,"column":13}},"45":{"start":{"line":46,"column":0},"end":{"line":46,"column":35}},"46":{"start":{"line":47,"column":0},"end":{"line":47,"column":14}},"48":{"start":{"line":49,"column":0},"end":{"line":49,"column":13}},"49":{"start":{"line":50,"column":0},"end":{"line":50,"column":29}},"50":{"start":{"line":51,"column":0},"end":{"line":51,"column":14}},"52":{"start":{"line":53,"column":0},"end":{"line":53,"column":10}},"54":{"start":{"line":55,"column":0},"end":{"line":55,"column":53}},"56":{"start":{"line":57,"column":0},"end":{"line":57,"column":13}}},"s":{"0":1,"1":1,"2":1,"3":1,"5":1,"6":1,"14":1,"15":1,"16":1,"17":3,"18":1,"19":1,"20":3,"21":1,"22":1,"26":1,"28":1,"29":1,"30":1,"32":1,"34":0,"36":1,"38":1,"40":1,"41":1,"42":1,"43":1,"44":1,"45":1,"46":1,"48":1,"49":1,"50":1,"52":1,"54":1,"56":1},"branchMap":{"0":{"type":"branch","line":16,"loc":{"start":{"line":16,"column":2},"end":{"line":16,"column":24}},"locations":[{"start":{"line":16,"column":2},"end":{"line":16,"column":24}}]},"1":{"type":"branch","line":17,"loc":{"start":{"line":17,"column":2},"end":{"line":21,"column":4}},"locations":[{"start":{"line":17,"column":2},"end":{"line":21,"column":4}}]},"2":{"type":"branch","line":18,"loc":{"start":{"line":18,"column":12},"end":{"line":20,"column":5}},"locations":[{"start":{"line":18,"column":12},"end":{"line":20,"column":5}}]},"3":{"type":"branch","line":33,"loc":{"start":{"line":33,"column":15},"end":{"line":35,"column":10}},"locations":[{"start":{"line":33,"column":15},"end":{"line":35,"column":10}}]},"4":{"type":"branch","line":37,"loc":{"start":{"line":37,"column":15},"end":{"line":39,"column":10}},"locations":[{"start":{"line":37,"column":15},"end":{"line":39,"column":10}}]},"5":{"type":"branch","line":41,"loc":{"start":{"line":41,"column":15},"end":{"line":50,"column":29}},"locations":[{"start":{"line":41,"column":15},"end":{"line":50,"column":29}}]},"6":{"type":"branch","line":50,"loc":{"start":{"line":50,"column":26},"end":{"line":50,"column":29}},"locations":[{"start":{"line":50,"column":26},"end":{"line":50,"column":29}}]}},"b":{"0":[3],"1":[3],"2":[1],"3":[0],"4":[1],"5":[1],"6":[2]},"fnMap":{"0":{"name":"immediate","decl":{"start":{"line":17,"column":2},"end":{"line":21,"column":4}},"loc":{"start":{"line":17,"column":2},"end":{"line":21,"column":4}},"line":17},"1":{"name":"onClick._cache.<computed>._cache.<computed>","decl":{"start":{"line":55,"column":32},"end":{"line":55,"column":53}},"loc":{"start":{"line":55,"column":32},"end":{"line":55,"column":53}},"line":55}},"f":{"0":3,"1":0}}
,"/home/zfranco/Escritorio/code/testing/vitest-vue/src/views/Users.vue": {"path":"/home/zfranco/Escritorio/code/testing/vitest-vue/src/views/Users.vue","all":false,"statementMap":{"0":{"start":{"line":1,"column":0},"end":{"line":1,"column":24}},"1":{"start":{"line":2,"column":0},"end":{"line":2,"column":67}},"4":{"start":{"line":5,"column":0},"end":{"line":5,"column":50}},"11":{"start":{"line":12,"column":0},"end":{"line":12,"column":27}},"13":{"start":{"line":14,"column":0},"end":{"line":14,"column":30}},"15":{"start":{"line":16,"column":0},"end":{"line":16,"column":14}},"16":{"start":{"line":17,"column":0},"end":{"line":17,"column":25}},"17":{"start":{"line":18,"column":0},"end":{"line":18,"column":40}},"18":{"start":{"line":19,"column":0},"end":{"line":19,"column":42}},"19":{"start":{"line":20,"column":0},"end":{"line":20,"column":56}},"20":{"start":{"line":21,"column":0},"end":{"line":21,"column":25}},"21":{"start":{"line":22,"column":0},"end":{"line":22,"column":60}},"22":{"start":{"line":23,"column":0},"end":{"line":23,"column":26}},"24":{"start":{"line":25,"column":0},"end":{"line":25,"column":30}},"25":{"start":{"line":26,"column":0},"end":{"line":26,"column":18}},"26":{"start":{"line":27,"column":0},"end":{"line":27,"column":18}},"28":{"start":{"line":29,"column":0},"end":{"line":29,"column":24}},"30":{"start":{"line":31,"column":0},"end":{"line":31,"column":18}},"31":{"start":{"line":32,"column":0},"end":{"line":32,"column":14}},"32":{"start":{"line":33,"column":0},"end":{"line":33,"column":57}},"34":{"start":{"line":35,"column":0},"end":{"line":35,"column":13}}},"s":{"0":1,"1":1,"4":1,"11":1,"13":1,"15":1,"16":1,"17":1,"18":3,"19":3,"20":3,"21":7,"22":3,"24":3,"25":3,"26":3,"28":3,"30":2,"31":1,"32":1,"34":1},"branchMap":{"0":{"type":"branch","line":14,"loc":{"start":{"line":14,"column":19},"end":{"line":16,"column":14}},"locations":[{"start":{"line":14,"column":19},"end":{"line":16,"column":14}}]},"1":{"type":"branch","line":18,"loc":{"start":{"line":18,"column":34},"end":{"line":29,"column":24}},"locations":[{"start":{"line":18,"column":34},"end":{"line":29,"column":24}}]},"2":{"type":"branch","line":29,"loc":{"start":{"line":29,"column":12},"end":{"line":31,"column":18}},"locations":[{"start":{"line":29,"column":12},"end":{"line":31,"column":18}}]},"3":{"type":"branch","line":31,"loc":{"start":{"line":31,"column":12},"end":{"line":31,"column":18}},"locations":[{"start":{"line":31,"column":12},"end":{"line":31,"column":18}}]},"4":{"type":"branch","line":21,"loc":{"start":{"line":21,"column":20},"end":{"line":22,"column":60}},"locations":[{"start":{"line":21,"column":20},"end":{"line":22,"column":60}}]},"5":{"type":"branch","line":33,"loc":{"start":{"line":33,"column":36},"end":{"line":33,"column":57}},"locations":[{"start":{"line":33,"column":36},"end":{"line":33,"column":57}}]}},"b":{"0":[1],"1":[3],"2":[2],"3":[0],"4":[7],"5":[1]},"fnMap":{"0":{"name":"onClick._cache.<computed>._cache.<computed>","decl":{"start":{"line":33,"column":36},"end":{"line":33,"column":57}},"loc":{"start":{"line":33,"column":36},"end":{"line":33,"column":57}},"line":33}},"f":{"0":1}}
}
